<?xml version="1.0" encoding="UTF-8"?>
<testsuite xmlns:xsi="http://www.w3.org/2001/XMLSchema-instance" xsi:noNamespaceSchemaLocation="https://maven.apache.org/surefire/maven-surefire-plugin/xsd/surefire-test-report.xsd" version="3.0.2" name="com.musicpod.auth.AuthControllerTests" time="3.079" tests="10" errors="0" skipped="0" failures="0" flakes="0">
  <properties>
[...]
</properties>
  <testcase name="rejectsInvalidRegistration" classname="com.musicpod.auth.AuthControllerTests" time="0.146">
    <system-out><![CDATA[2026-08-08T01:51:09.527-04:00  INFO 81675 --- [musicpod-backend] [           main] tc.postgres:17-alpine                    : Creating container for image: postgres:17-alpine
2026-08-08T01:51:09.655-04:00  INFO 81675 --- [musicpod-backend] [           main] tc.postgres:17-alpine                    : Container postgres:17-alpine is starting: 177de691b6355b49e764024ac947d201bc5b9474095fdc82ea338e439dca7d39
2026-08-08T01:51:10.719-04:00  INFO 81675 --- [musicpod-backend] [           main] tc.postgres:17-alpine                    : Container postgres:17-alpine started in PT1.191431S
2026-08-08T01:51:10.722-04:00  INFO 81675 --- [musicpod-backend] [           main] tc.postgres:17-alpine                    : Container is started (JDBC URL: jdbc:postgresql://localhost:52054/musicpod?loggerLevel=OFF)
2026-08-08T01:51:10.735-04:00  INFO 81675 --- [musicpod-backend] [           main] t.c.s.AnnotationConfigContextLoaderUtils : Could not detect default configuration classes for test class [com.musicpod.auth.AuthControllerTests]: AuthControllerTests does not declare any static, non-private, non-final, nested classes annotated with @Configuration.
2026-08-08T01:51:10.775-04:00  INFO 81675 --- [musicpod-backend] [           main] .b.t.c.SpringBootTestContextBootstrapper : Found @SpringBootConfiguration com.musicpod.MusicPodApplication for test class com.musicpod.auth.AuthControllerTests
2026-08-08T01:51:10.777-04:00  INFO 81675 --- [musicpod-backend] [           main] t.c.s.AnnotationConfigContextLoaderUtils : Could not detect default configuration classes for test class [com.musicpod.auth.AuthControllerTests]: AuthControllerTests does not declare any static, non-private, non-final, nested classes annotated with @Configuration.
2026-08-08T01:51:10.781-04:00  INFO 81675 --- [musicpod-backend] [           main] .b.t.c.SpringBootTestContextBootstrapper : Found @SpringBootConfiguration com.musicpod.MusicPodApplication for test class com.musicpod.auth.AuthControllerTests

  .   ____          _            __ _ _
 /\\ / ___'_ __ _ _(_)_ __  __ _ \ \ \ \
( ( )\___ | '_ | '_| | '_ \/ _` | \ \ \ \
 \\/  ___)| |_)| | | | | || (_| |  ) ) ) )
  '  |____| .__|_| |_|_| |_\__, | / / / /
 =========|_|==============|___/=/_/_/_/

 :: Spring Boot ::                (v4.1.0)

2026-08-08T01:51:10.808-04:00  INFO 81675 --- [musicpod-backend] [           main] com.musicpod.auth.AuthControllerTests    : Starting AuthControllerTests using Java 25.0.4 with PID 81675 (started by snehaavula in /Users/snehaavula/Projects/MusicPod/backend)
2026-08-08T01:51:10.808-04:00  INFO 81675 --- [musicpod-backend] [           main] com.musicpod.auth.AuthControllerTests    : No active profile set, falling back to 1 default profile: "default"
2026-08-08T01:51:10.957-04:00  INFO 81675 --- [musicpod-backend] [           main] .s.d.r.c.RepositoryConfigurationDelegate : Bootstrapping Spring Data JPA repositories in DEFAULT mode.
2026-08-08T01:51:10.972-04:00  INFO 81675 --- [musicpod-backend] [           main] .s.d.r.c.RepositoryConfigurationDelegate : Finished Spring Data repository scanning in 13 ms. Found 4 JPA repository interfaces.
2026-08-08T01:51:11.092-04:00  INFO 81675 --- [musicpod-backend] [           main] org.flywaydb.core.FlywayExecutor         : Database: jdbc:postgresql://localhost:52054/musicpod?loggerLevel=OFF (PostgreSQL 17.10)
2026-08-08T01:51:11.101-04:00  INFO 81675 --- [musicpod-backend] [           main] o.f.c.i.s.JdbcTableSchemaHistory         : Schema history table "public"."flyway_schema_history" does not exist yet
2026-08-08T01:51:11.102-04:00  INFO 81675 --- [musicpod-backend] [           main] o.f.core.internal.command.DbValidate     : Successfully validated 3 migrations (execution time 00:00.002s)
2026-08-08T01:51:11.106-04:00  INFO 81675 --- [musicpod-backend] [           main] o.f.c.i.s.JdbcTableSchemaHistory         : Creating Schema History table "public"."flyway_schema_history" ...
2026-08-08T01:51:11.126-04:00  INFO 81675 --- [musicpod-backend] [           main] o.f.core.internal.command.DbMigrate      : Current version of schema "public": << Empty Schema >>
2026-08-08T01:51:11.127-04:00  INFO 81675 --- [musicpod-backend] [           main] o.f.core.internal.command.DbMigrate      : Migrating schema "public" to version "1 - baseline"
2026-08-08T01:51:11.128-04:00  INFO 81675 --- [musicpod-backend] [           main] o.f.c.i.s.DefaultSqlScriptExecutor       : +----------+
| ?column? |
+----------+
| 1        |
+----------+

2026-08-08T01:51:11.133-04:00  INFO 81675 --- [musicpod-backend] [           main] o.f.core.internal.command.DbMigrate      : Migrating schema "public" to version "2 - create catalog tables"
2026-08-08T01:51:11.143-04:00  INFO 81675 --- [musicpod-backend] [           main] o.f.core.internal.command.DbMigrate      : Migrating schema "public" to version "3 - create users table"
2026-08-08T01:51:11.149-04:00  INFO 81675 --- [musicpod-backend] [           main] o.f.core.internal.command.DbMigrate      : Successfully applied 3 migrations to schema "public", now at version v3 (execution time 00:00.010s)
2026-08-08T01:51:11.156-04:00  INFO 81675 --- [musicpod-backend] [           main] org.hibernate.orm.jpa                    : HHH008540: Processing PersistenceUnitInfo [name: default]
2026-08-08T01:51:11.164-04:00  INFO 81675 --- [musicpod-backend] [           main] o.s.o.j.p.SpringPersistenceUnitInfo      : No LoadTimeWeaver setup: ignoring JPA class transformer
2026-08-08T01:51:11.165-04:00  INFO 81675 --- [musicpod-backend] [           main] com.zaxxer.hikari.HikariDataSource       : HikariPool-2 - Starting...
2026-08-08T01:51:11.170-04:00  INFO 81675 --- [musicpod-backend] [           main] com.zaxxer.hikari.pool.HikariPool        : HikariPool-2 - Added connection org.postgresql.jdbc.PgConnection@452bcee
2026-08-08T01:51:11.170-04:00  INFO 81675 --- [musicpod-backend] [           main] com.zaxxer.hikari.HikariDataSource       : HikariPool-2 - Start completed.
2026-08-08T01:51:11.173-04:00  INFO 81675 --- [musicpod-backend] [           main] org.hibernate.orm.connections.pooling    : HHH10001005: Database info:
	Database JDBC URL [jdbc:postgresql://localhost:52054/musicpod?loggerLevel=OFF]
	Database driver: PostgreSQL JDBC Driver
	Database dialect: PostgreSQLDialect
	Database version: 17.10
	Default catalog/schema: musicpod/public
	Autocommit mode: undefined/unknown
	Isolation level: READ_COMMITTED [default READ_COMMITTED]
	JDBC fetch size: none
	Pool: DataSourceConnectionProvider
	Minimum pool size: undefined/unknown
	Maximum pool size: undefined/unknown
2026-08-08T01:51:11.195-04:00  INFO 81675 --- [musicpod-backend] [           main] org.hibernate.orm.core                   : HHH000489: No JTA platform available (set 'hibernate.transaction.jta.platform' to enable JTA platform integration)
2026-08-08T01:51:11.207-04:00  INFO 81675 --- [musicpod-backend] [           main] j.LocalContainerEntityManagerFactoryBean : Initialized JPA EntityManagerFactory for persistence unit 'default'
2026-08-08T01:51:11.301-04:00  INFO 81675 --- [musicpod-backend] [           main] o.s.b.t.m.w.SpringBootMockServletContext : Initializing Spring TestDispatcherServlet ''
2026-08-08T01:51:11.301-04:00  INFO 81675 --- [musicpod-backend] [           main] o.s.t.web.servlet.TestDispatcherServlet  : Initializing Servlet ''
2026-08-08T01:51:11.303-04:00  INFO 81675 --- [musicpod-backend] [           main] o.s.b.a.e.web.EndpointLinksResolver      : Exposing 2 endpoints beneath base path '/actuator'
2026-08-08T01:51:11.304-04:00  INFO 81675 --- [musicpod-backend] [           main] o.s.t.web.servlet.TestDispatcherServlet  : Completed initialization in 3 ms
2026-08-08T01:51:11.316-04:00  INFO 81675 --- [musicpod-backend] [           main] com.musicpod.auth.AuthControllerTests    : Started AuthControllerTests in 0.524 seconds (process running for 7.899)
]]></system-out>
  </testcase>
  <testcase name="normalizesEmailBeforeSaving" classname="com.musicpod.auth.AuthControllerTests" time="0.208"/>
  <testcase name="meRequiresAuthentication" classname="com.musicpod.auth.AuthControllerTests" time="0.012"/>
  <testcase name="rejectsDuplicateEmailIgnoringCase" classname="com.musicpod.auth.AuthControllerTests" time="0.073"/>
  <testcase name="rejectsWrongPassword" classname="com.musicpod.auth.AuthControllerTests" time="0.142"/>
  <testcase name="logsInWithValidCredentials" classname="com.musicpod.auth.AuthControllerTests" time="0.15"/>
  <testcase name="rejectsInvalidBearerToken" classname="com.musicpod.auth.AuthControllerTests" time="0.005"/>
  <testcase name="registersUserAndHashesPassword" classname="com.musicpod.auth.AuthControllerTests" time="0.149"/>
  <testcase name="loginTokenCanAccessMe" classname="com.musicpod.auth.AuthControllerTests" time="0.15"/>
  <testcase name="rejectsUnknownEmail" classname="com.musicpod.auth.AuthControllerTests" time="0.008"/>
</testsuite>