<?xml version="1.0" encoding="UTF-8"?>
<testsuite xmlns:xsi="http://www.w3.org/2001/XMLSchema-instance" xsi:noNamespaceSchemaLocation="https://maven.apache.org/surefire/maven-surefire-plugin/xsd/surefire-test-report.xsd" version="3.0.2" name="com.musicpod.MusicPodApplicationTests" time="5.508" tests="3" errors="0" skipped="0" failures="0" flakes="0">
  <properties>
[...]
</properties>
  <testcase name="flywayBaselineMigrationWasApplied" classname="com.musicpod.MusicPodApplicationTests" time="0.268">
    <system-out><![CDATA[00:55:51.381 [main] INFO org.testcontainers.images.PullPolicy -- Image pull policy will be performed by: DefaultPullPolicy()
00:55:51.383 [main] INFO org.testcontainers.utility.ImageNameSubstitutor -- Image name substitution will be performed by: DefaultImageNameSubstitutor (composite of 'ConfigurationFileImageNameSubstitutor' and 'PrefixingImageNameSubstitutor')
00:55:51.400 [main] INFO org.testcontainers.DockerClientFactory -- Testcontainers version: 2.0.5
00:55:51.535 [main] INFO org.testcontainers.dockerclient.DockerClientProviderStrategy -- Loaded org.testcontainers.dockerclient.UnixSocketClientProviderStrategy from ~/.testcontainers.properties, will try it first
00:55:51.782 [main] INFO org.testcontainers.dockerclient.DockerClientProviderStrategy -- Found Docker environment with local Unix socket (unix:///var/run/docker.sock)
00:55:51.783 [main] INFO org.testcontainers.DockerClientFactory -- Docker host IP address is localhost
00:55:51.794 [main] INFO org.testcontainers.DockerClientFactory -- Connected to docker: 
  Server Version: 29.6.2
  API Version: 1.55
  Operating System: Docker Desktop
  Total Memory: 3918 MB
  Labels: 
    com.docker.desktop.address=unix:///Users/snehaavula/Library/Containers/com.docker.docker/Data/docker-cli.sock
00:55:51.861 [main] INFO tc.testcontainers/ryuk:0.14.0 -- Creating container for image: testcontainers/ryuk:0.14.0
00:55:51.973 [main] INFO org.testcontainers.utility.RegistryAuthLocator -- Credential helper/store (docker-credential-desktop) does not have credentials for https://index.docker.io/v1/
00:55:52.070 [main] INFO tc.testcontainers/ryuk:0.14.0 -- Container testcontainers/ryuk:0.14.0 is starting: 9d948e5fb4ee1856d06f03657bfa1286030d7da0f50f51915b04655576776eb6
00:55:52.463 [main] INFO tc.testcontainers/ryuk:0.14.0 -- Container testcontainers/ryuk:0.14.0 started in PT0.60166S
00:55:52.473 [main] INFO org.testcontainers.utility.RyukResourceReaper -- Ryuk started - will monitor and terminate Testcontainers containers on JVM exit
00:55:52.473 [main] INFO org.testcontainers.DockerClientFactory -- Checking the system...
00:55:52.474 [main] INFO org.testcontainers.DockerClientFactory -- ✔︎ Docker server version should be at least 1.6.0
00:55:52.474 [main] INFO tc.postgres:17-alpine -- Creating container for image: postgres:17-alpine
00:55:52.548 [main] INFO tc.postgres:17-alpine -- Container postgres:17-alpine is starting: cedc10e3d0ad6013769f0221c07d68caf3e7296934d6a93913009a74c6545583
00:55:53.889 [main] INFO tc.postgres:17-alpine -- Container postgres:17-alpine started in PT1.415058S
00:55:53.893 [main] INFO tc.postgres:17-alpine -- Container is started (JDBC URL: jdbc:postgresql://localhost:51055/musicpod?loggerLevel=OFF)
00:55:53.960 [main] INFO org.springframework.test.context.support.AnnotationConfigContextLoaderUtils -- Could not detect default configuration classes for test class [com.musicpod.MusicPodApplicationTests]: MusicPodApplicationTests does not declare any static, non-private, non-final, nested classes annotated with @Configuration.
00:55:54.004 [main] INFO org.springframework.boot.test.context.SpringBootTestContextBootstrapper -- Found @SpringBootConfiguration com.musicpod.MusicPodApplication for test class com.musicpod.MusicPodApplicationTests
00:55:54.032 [main] INFO org.springframework.test.context.support.AnnotationConfigContextLoaderUtils -- Could not detect default configuration classes for test class [com.musicpod.MusicPodApplicationTests]: MusicPodApplicationTests does not declare any static, non-private, non-final, nested classes annotated with @Configuration.
00:55:54.034 [main] INFO org.springframework.boot.test.context.SpringBootTestContextBootstrapper -- Found @SpringBootConfiguration com.musicpod.MusicPodApplication for test class com.musicpod.MusicPodApplicationTests

  .   ____          _            __ _ _
 /\\ / ___'_ __ _ _(_)_ __  __ _ \ \ \ \
( ( )\___ | '_ | '_| | '_ \/ _` | \ \ \ \
 \\/  ___)| |_)| | | | | || (_| |  ) ) ) )
  '  |____| .__|_| |_|_| |_\__, | / / / /
 =========|_|==============|___/=/_/_/_/

 :: Spring Boot ::                (v4.1.0)

2026-08-08T00:55:54.177-04:00  INFO 78557 --- [musicpod-backend] [           main] com.musicpod.MusicPodApplicationTests    : Starting MusicPodApplicationTests using Java 25.0.4 with PID 78557 (started by snehaavula in /Users/snehaavula/Projects/MusicPod/backend)
2026-08-08T00:55:54.178-04:00  INFO 78557 --- [musicpod-backend] [           main] com.musicpod.MusicPodApplicationTests    : No active profile set, falling back to 1 default profile: "default"
2026-08-08T00:55:54.540-04:00  INFO 78557 --- [musicpod-backend] [           main] .s.d.r.c.RepositoryConfigurationDelegate : Bootstrapping Spring Data JPA repositories in DEFAULT mode.
2026-08-08T00:55:54.561-04:00  INFO 78557 --- [musicpod-backend] [           main] .s.d.r.c.RepositoryConfigurationDelegate : Finished Spring Data repository scanning in 16 ms. Found 1 JPA repository interface.
2026-08-08T00:55:54.967-04:00  INFO 78557 --- [musicpod-backend] [           main] org.flywaydb.core.FlywayExecutor         : Database: jdbc:postgresql://localhost:51055/musicpod?loggerLevel=OFF (PostgreSQL 17.10)
2026-08-08T00:55:55.006-04:00  INFO 78557 --- [musicpod-backend] [           main] o.f.c.i.s.JdbcTableSchemaHistory         : Schema history table "public"."flyway_schema_history" does not exist yet
2026-08-08T00:55:55.007-04:00  INFO 78557 --- [musicpod-backend] [           main] o.f.core.internal.command.DbValidate     : Successfully validated 2 migrations (execution time 00:00.007s)
2026-08-08T00:55:55.015-04:00  INFO 78557 --- [musicpod-backend] [           main] o.f.c.i.s.JdbcTableSchemaHistory         : Creating Schema History table "public"."flyway_schema_history" ...
2026-08-08T00:55:55.040-04:00  INFO 78557 --- [musicpod-backend] [           main] o.f.core.internal.command.DbMigrate      : Current version of schema "public": << Empty Schema >>
2026-08-08T00:55:55.044-04:00  INFO 78557 --- [musicpod-backend] [           main] o.f.core.internal.command.DbMigrate      : Migrating schema "public" to version "1 - baseline"
2026-08-08T00:55:55.045-04:00  INFO 78557 --- [musicpod-backend] [           main] o.f.c.i.s.DefaultSqlScriptExecutor       : +----------+
| ?column? |
+----------+
| 1        |
+----------+

2026-08-08T00:55:55.055-04:00  INFO 78557 --- [musicpod-backend] [           main] o.f.core.internal.command.DbMigrate      : Migrating schema "public" to version "2 - create catalog tables"
2026-08-08T00:55:55.069-04:00  INFO 78557 --- [musicpod-backend] [           main] o.f.core.internal.command.DbMigrate      : Successfully applied 2 migrations to schema "public", now at version v2 (execution time 00:00.013s)
2026-08-08T00:55:55.118-04:00  INFO 78557 --- [musicpod-backend] [           main] org.hibernate.orm.jpa                    : HHH008540: Processing PersistenceUnitInfo [name: default]
2026-08-08T00:55:55.149-04:00  INFO 78557 --- [musicpod-backend] [           main] org.hibernate.orm.core                   : HHH000001: Hibernate ORM core version 7.4.1.Final
2026-08-08T00:55:55.301-04:00  INFO 78557 --- [musicpod-backend] [           main] o.s.o.j.p.SpringPersistenceUnitInfo      : No LoadTimeWeaver setup: ignoring JPA class transformer
2026-08-08T00:55:55.314-04:00  INFO 78557 --- [musicpod-backend] [           main] com.zaxxer.hikari.HikariDataSource       : HikariPool-1 - Starting...
2026-08-08T00:55:55.327-04:00  INFO 78557 --- [musicpod-backend] [           main] com.zaxxer.hikari.pool.HikariPool        : HikariPool-1 - Added connection org.postgresql.jdbc.PgConnection@12d28106
2026-08-08T00:55:55.327-04:00  INFO 78557 --- [musicpod-backend] [           main] com.zaxxer.hikari.HikariDataSource       : HikariPool-1 - Start completed.
2026-08-08T00:55:55.361-04:00  INFO 78557 --- [musicpod-backend] [           main] org.hibernate.orm.connections.pooling    : HHH10001005: Database info:
	Database JDBC URL [jdbc:postgresql://localhost:51055/musicpod?loggerLevel=OFF]
	Database driver: PostgreSQL JDBC Driver
	Database dialect: PostgreSQLDialect
	Database version: 17.10
	Default catalog/schema: musicpod/public
	Autocommit mode: undefined/unknown
	Isolation level: READ_COMMITTED [default READ_COMMITTED]
	JDBC fetch size: none
	Pool: DataSourceConnectionProvider
	Minimum pool size: undefined/unknown
	Maximum pool size: undefined/unknown
2026-08-08T00:55:55.697-04:00  INFO 78557 --- [musicpod-backend] [           main] org.hibernate.orm.core                   : HHH000489: No JTA platform available (set 'hibernate.transaction.jta.platform' to enable JTA platform integration)
2026-08-08T00:55:55.733-04:00  INFO 78557 --- [musicpod-backend] [           main] j.LocalContainerEntityManagerFactoryBean : Initialized JPA EntityManagerFactory for persistence unit 'default'
2026-08-08T00:55:55.772-04:00  INFO 78557 --- [musicpod-backend] [           main] o.s.d.j.r.query.QueryEnhancerFactories   : Hibernate is in classpath; If applicable, HQL parser will be used.
2026-08-08T00:55:56.129-04:00  INFO 78557 --- [musicpod-backend] [           main] o.s.b.a.e.web.EndpointLinksResolver      : Exposing 2 endpoints beneath base path '/actuator'
2026-08-08T00:55:56.158-04:00  INFO 78557 --- [musicpod-backend] [           main] com.musicpod.MusicPodApplicationTests    : Started MusicPodApplicationTests in 2.084 seconds (process running for 5.099)
]]></system-out>
    <system-err><![CDATA[Mockito is currently self-attaching to enable the inline-mock-maker. This will no longer work in future releases of the JDK. Please add Mockito as an agent to your build as described in Mockito's documentation: https://javadoc.io/doc/org.mockito/mockito-core/latest/org.mockito/org/mockito/Mockito.html#0.3
WARNING: A Java agent has been loaded dynamically (/Users/snehaavula/.m2/repository/net/bytebuddy/byte-buddy-agent/1.18.10/byte-buddy-agent-1.18.10.jar)
WARNING: If a serviceability tool is in use, please run with -XX:+EnableDynamicAgentLoading to hide this warning
WARNING: If a serviceability tool is not in use, please run with -Djdk.instrument.traceUsage for more information
WARNING: Dynamic loading of agents will be disallowed by default in a future release
]]></system-err>
  </testcase>
  <testcase name="applicationStartsAndConnectsToPostgres" classname="com.musicpod.MusicPodApplicationTests" time="0.003"/>
  <testcase name="postgresContainerIsRunning" classname="com.musicpod.MusicPodApplicationTests" time="0.038"/>
</testsuite>