<?xml version="1.0" encoding="UTF-8"?>
<testsuite xmlns:xsi="http://www.w3.org/2001/XMLSchema-instance" xsi:noNamespaceSchemaLocation="https://maven.apache.org/surefire/maven-surefire-plugin/xsd/surefire-test-report.xsd" version="3.0.2" name="com.musicpod.library.playlist.PlaylistControllerTests" time="3.185" tests="7" errors="0" skipped="0" failures="0" flakes="0">
  <properties>
[...]
</properties>
  <testcase name="addingSameTrackTwiceIsIdempotent" classname="com.musicpod.library.playlist.PlaylistControllerTests" time="0.257">
    <system-out><![CDATA[2026-08-08T03:02:54.131-04:00  INFO 84678 --- [musicpod-backend] [           main] tc.postgres:17-alpine                    : Creating container for image: postgres:17-alpine
2026-08-08T03:02:54.179-04:00  INFO 84678 --- [musicpod-backend] [           main] tc.postgres:17-alpine                    : Container postgres:17-alpine is starting: 7cbfaaaa5d548670cc1b56be60434c1cb609a35e02d4a23b3cdb443ab48fa594
2026-08-08T03:02:55.015-04:00  INFO 84678 --- [musicpod-backend] [           main] tc.postgres:17-alpine                    : Container postgres:17-alpine started in PT0.883526S
2026-08-08T03:02:55.016-04:00  INFO 84678 --- [musicpod-backend] [           main] tc.postgres:17-alpine                    : Container is started (JDBC URL: jdbc:postgresql://localhost:54723/musicpod?loggerLevel=OFF)
2026-08-08T03:02:55.019-04:00  INFO 84678 --- [musicpod-backend] [           main] t.c.s.AnnotationConfigContextLoaderUtils : Could not detect default configuration classes for test class [com.musicpod.library.playlist.PlaylistControllerTests]: PlaylistControllerTests does not declare any static, non-private, non-final, nested classes annotated with @Configuration.
2026-08-08T03:02:55.041-04:00  INFO 84678 --- [musicpod-backend] [           main] .b.t.c.SpringBootTestContextBootstrapper : Found @SpringBootConfiguration com.musicpod.MusicPodApplication for test class com.musicpod.library.playlist.PlaylistControllerTests
2026-08-08T03:02:55.042-04:00  INFO 84678 --- [musicpod-backend] [           main] t.c.s.AnnotationConfigContextLoaderUtils : Could not detect default configuration classes for test class [com.musicpod.library.playlist.PlaylistControllerTests]: PlaylistControllerTests does not declare any static, non-private, non-final, nested classes annotated with @Configuration.
2026-08-08T03:02:55.045-04:00  INFO 84678 --- [musicpod-backend] [           main] .b.t.c.SpringBootTestContextBootstrapper : Found @SpringBootConfiguration com.musicpod.MusicPodApplication for test class com.musicpod.library.playlist.PlaylistControllerTests

  .   ____          _            __ _ _
 /\\ / ___'_ __ _ _(_)_ __  __ _ \ \ \ \
( ( )\___ | '_ | '_| | '_ \/ _` | \ \ \ \
 \\/  ___)| |_)| | | | | || (_| |  ) ) ) )
  '  |____| .__|_| |_|_| |_\__, | / / / /
 =========|_|==============|___/=/_/_/_/

 :: Spring Boot ::                (v4.1.0)

2026-08-08T03:02:55.078-04:00  INFO 84678 --- [musicpod-backend] [           main] c.m.l.playlist.PlaylistControllerTests   : Starting PlaylistControllerTests using Java 25.0.4 with PID 84678 (started by snehaavula in /Users/snehaavula/Projects/MusicPod/backend)
2026-08-08T03:02:55.078-04:00  INFO 84678 --- [musicpod-backend] [           main] c.m.l.playlist.PlaylistControllerTests   : No active profile set, falling back to 1 default profile: "default"
2026-08-08T03:02:55.144-04:00  INFO 84678 --- [musicpod-backend] [           main] .s.d.r.c.RepositoryConfigurationDelegate : Bootstrapping Spring Data JPA repositories in DEFAULT mode.
2026-08-08T03:02:55.152-04:00  INFO 84678 --- [musicpod-backend] [           main] .s.d.r.c.RepositoryConfigurationDelegate : Finished Spring Data repository scanning in 6 ms. Found 8 JPA repository interfaces.
2026-08-08T03:02:55.237-04:00  INFO 84678 --- [musicpod-backend] [           main] org.flywaydb.core.FlywayExecutor         : Database: jdbc:postgresql://localhost:54723/musicpod?loggerLevel=OFF (PostgreSQL 17.10)
2026-08-08T03:02:55.247-04:00  INFO 84678 --- [musicpod-backend] [           main] o.f.c.i.s.JdbcTableSchemaHistory         : Schema history table "public"."flyway_schema_history" does not exist yet
2026-08-08T03:02:55.247-04:00  INFO 84678 --- [musicpod-backend] [           main] o.f.core.internal.command.DbValidate     : Successfully validated 6 migrations (execution time 00:00.002s)
2026-08-08T03:02:55.251-04:00  INFO 84678 --- [musicpod-backend] [           main] o.f.c.i.s.JdbcTableSchemaHistory         : Creating Schema History table "public"."flyway_schema_history" ...
2026-08-08T03:02:55.262-04:00  INFO 84678 --- [musicpod-backend] [           main] o.f.core.internal.command.DbMigrate      : Current version of schema "public": << Empty Schema >>
2026-08-08T03:02:55.263-04:00  INFO 84678 --- [musicpod-backend] [           main] o.f.core.internal.command.DbMigrate      : Migrating schema "public" to version "1 - baseline"
2026-08-08T03:02:55.263-04:00  INFO 84678 --- [musicpod-backend] [           main] o.f.c.i.s.DefaultSqlScriptExecutor       : +----------+
| ?column? |
+----------+
| 1        |
+----------+

2026-08-08T03:02:55.267-04:00  INFO 84678 --- [musicpod-backend] [           main] o.f.core.internal.command.DbMigrate      : Migrating schema "public" to version "2 - create catalog tables"
2026-08-08T03:02:55.275-04:00  INFO 84678 --- [musicpod-backend] [           main] o.f.core.internal.command.DbMigrate      : Migrating schema "public" to version "3 - create users table"
2026-08-08T03:02:55.280-04:00  INFO 84678 --- [musicpod-backend] [           main] o.f.core.internal.command.DbMigrate      : Migrating schema "public" to version "4 - create liked tracks table"
2026-08-08T03:02:55.284-04:00  INFO 84678 --- [musicpod-backend] [           main] o.f.core.internal.command.DbMigrate      : Migrating schema "public" to version "5 - create playlists"
2026-08-08T03:02:55.290-04:00  INFO 84678 --- [musicpod-backend] [           main] o.f.core.internal.command.DbMigrate      : Migrating schema "public" to version "6 - create playback events"
2026-08-08T03:02:55.295-04:00  INFO 84678 --- [musicpod-backend] [           main] o.f.core.internal.command.DbMigrate      : Successfully applied 6 migrations to schema "public", now at version v6 (execution time 00:00.015s)
2026-08-08T03:02:55.300-04:00  INFO 84678 --- [musicpod-backend] [           main] org.hibernate.orm.jpa                    : HHH008540: Processing PersistenceUnitInfo [name: default]
2026-08-08T03:02:55.308-04:00  INFO 84678 --- [musicpod-backend] [           main] o.s.o.j.p.SpringPersistenceUnitInfo      : No LoadTimeWeaver setup: ignoring JPA class transformer
2026-08-08T03:02:55.308-04:00  INFO 84678 --- [musicpod-backend] [           main] com.zaxxer.hikari.HikariDataSource       : HikariPool-6 - Starting...
2026-08-08T03:02:55.314-04:00  INFO 84678 --- [musicpod-backend] [           main] com.zaxxer.hikari.pool.HikariPool        : HikariPool-6 - Added connection org.postgresql.jdbc.PgConnection@6c1c7ebc
2026-08-08T03:02:55.314-04:00  INFO 84678 --- [musicpod-backend] [           main] com.zaxxer.hikari.HikariDataSource       : HikariPool-6 - Start completed.
2026-08-08T03:02:55.322-04:00  INFO 84678 --- [musicpod-backend] [           main] org.hibernate.orm.connections.pooling    : HHH10001005: Database info:
	Database JDBC URL [jdbc:postgresql://localhost:54723/musicpod?loggerLevel=OFF]
	Database driver: PostgreSQL JDBC Driver
	Database dialect: PostgreSQLDialect
	Database version: 17.10
	Default catalog/schema: musicpod/public
	Autocommit mode: undefined/unknown
	Isolation level: READ_COMMITTED [default READ_COMMITTED]
	JDBC fetch size: none
	Pool: DataSourceConnectionProvider
	Minimum pool size: undefined/unknown
	Maximum pool size: undefined/unknown
2026-08-08T03:02:55.351-04:00  INFO 84678 --- [musicpod-backend] [           main] org.hibernate.orm.core                   : HHH000489: No JTA platform available (set 'hibernate.transaction.jta.platform' to enable JTA platform integration)
2026-08-08T03:02:55.358-04:00  INFO 84678 --- [musicpod-backend] [           main] j.LocalContainerEntityManagerFactoryBean : Initialized JPA EntityManagerFactory for persistence unit 'default'
2026-08-08T03:02:55.436-04:00  INFO 84678 --- [musicpod-backend] [           main] o.s.b.t.m.w.SpringBootMockServletContext : Initializing Spring TestDispatcherServlet ''
2026-08-08T03:02:55.436-04:00  INFO 84678 --- [musicpod-backend] [           main] o.s.t.web.servlet.TestDispatcherServlet  : Initializing Servlet ''
2026-08-08T03:02:55.437-04:00  INFO 84678 --- [musicpod-backend] [           main] o.s.b.a.e.web.EndpointLinksResolver      : Exposing 2 endpoints beneath base path '/actuator'
2026-08-08T03:02:55.438-04:00  INFO 84678 --- [musicpod-backend] [           main] o.s.t.web.servlet.TestDispatcherServlet  : Completed initialization in 2 ms
2026-08-08T03:02:55.444-04:00  INFO 84678 --- [musicpod-backend] [           main] c.m.l.playlist.PlaylistControllerTests   : Started PlaylistControllerTests in 0.391 seconds (process running for 15.525)
]]></system-out>
  </testcase>
  <testcase name="createsPlaylistForAuthenticatedUser" classname="com.musicpod.library.playlist.PlaylistControllerTests" time="0.228"/>
  <testcase name="usersCannotReadEachOthersPlaylists" classname="com.musicpod.library.playlist.PlaylistControllerTests" time="0.244"/>
  <testcase name="deletingPlaylistRemovesPlaylistTracks" classname="com.musicpod.library.playlist.PlaylistControllerTests" time="0.219"/>
  <testcase name="removeTrackIsIdempotent" classname="com.musicpod.library.playlist.PlaylistControllerTests" time="0.234"/>
  <testcase name="playlistsRequireAuthentication" classname="com.musicpod.library.playlist.PlaylistControllerTests" time="0.157"/>
  <testcase name="addsTracksInOrder" classname="com.musicpod.library.playlist.PlaylistControllerTests" time="0.258"/>
</testsuite>